cl : command line warning D9035: option 'Gm' has been deprecated and will be removed in a future release
  Battle.cpp
C:\Users\Omar El-Sakka\Documents\GitHub\Castle\FIINAL\Enemies\Enemy.h(70,26): warning C4244: '=': conversion from 'double' to 'int', possible loss of data
C:\Users\Omar El-Sakka\Documents\GitHub\Castle\FIINAL\Battle.cpp(167,26): warning C4244: 'argument': conversion from 'double' to 'int', possible loss of data
C:\Users\Omar El-Sakka\Documents\GitHub\Castle\FIINAL\Battle.cpp(179,25): warning C4244: 'argument': conversion from 'double' to 'int', possible loss of data
C:\Users\Omar El-Sakka\Documents\GitHub\Castle\FIINAL\Battle.cpp(191,26): warning C4244: 'argument': conversion from 'double' to 'int', possible loss of data
C:\Users\Omar El-Sakka\Documents\GitHub\Castle\FIINAL\Battle.cpp(382,12): warning C4244: 'argument': conversion from 'time_t' to 'unsigned int', possible loss of data
C:\Users\Omar El-Sakka\Documents\GitHub\Castle\FIINAL\Battle.cpp(535,12): warning C4244: 'argument': conversion from 'time_t' to 'unsigned int', possible loss of data
C:\Users\Omar El-Sakka\Documents\GitHub\Castle\FIINAL\Battle.cpp(584,12): warning C4244: 'argument': conversion from 'time_t' to 'unsigned int', possible loss of data
C:\Users\Omar El-Sakka\Documents\GitHub\Castle\FIINAL\Battle.cpp(650,11): warning C4101: 'FIG_E': unreferenced local variable
  Generating Code...
C:\Users\Omar El-Sakka\Documents\GitHub\Castle\FIINAL\Generic_DS\Stack.h(84): warning C4715: 'Stack<Healer *>::Pop': not all control paths return a value
C:\Users\Omar El-Sakka\Documents\GitHub\Castle\FIINAL\Generic_DS\Stack.h(59): warning C4715: 'Stack<Healer *>::Push': not all control paths return a value
  Compiling...
  Demo_Main.cpp
C:\Users\Omar El-Sakka\Documents\GitHub\Castle\FIINAL\Enemies\Enemy.h(70,26): warning C4244: '=': conversion from 'double' to 'int', possible loss of data
  Generating Code...
Battle.obj : warning LNK4075: ignoring '/EDITANDCONTINUE' due to '/SAFESEH' specification
Battle.obj : error LNK2019: unresolved external symbol "public: __thiscall Priority_queue<class Fighter *>::Priority_queue<class Fighter *>(void)" (??0?$Priority_queue@PAVFighter@@@@QAE@XZ) referenced in function "public: __thiscall Battle::Battle(void)" (??0Battle@@QAE@XZ)
.\Debug\CastleDSProject.exe : fatal error LNK1120: 1 unresolved externals
